NASDK_sample_code/build/intermediates/manifest_merge_blame_file/debug/manifest-merger-blame-debug-report.txt
1<?xml version="1.0" encoding="utf-8"?>
2<manifest xmlns:android="http://schemas.android.com/apk/res/android"
3    package="kr.neolab.samplecode"
4    android:versionCode="1"
5    android:versionName="1.0" >
6
7    <uses-sdk
8        android:minSdkVersion="21"
8-->src/main/AndroidManifest.xml
9        android:targetSdkVersion="33" />
9-->src/main/AndroidManifest.xml
10
11    <uses-permission android:name="android.permission.BLUETOOTH" />
11-->src/main/AndroidManifest.xml:7:5-68
11-->src/main/AndroidManifest.xml:7:22-65
12    <uses-permission android:name="android.permission.BLUETOOTH_ADMIN" />
12-->src/main/AndroidManifest.xml:8:5-74
12-->src/main/AndroidManifest.xml:8:22-71
13    <uses-permission android:name="android.permission.WRITE_EXTERNAL_STORAGE" />
13-->src/main/AndroidManifest.xml:9:5-81
13-->src/main/AndroidManifest.xml:9:22-78
14    <uses-permission android:name="android.permission.READ_EXTERNAL_STORAGE" />
14-->src/main/AndroidManifest.xml:10:5-80
14-->src/main/AndroidManifest.xml:10:22-77
15    <uses-permission android:name="android.permission.ACCESS_FINE_LOCATION" />
15-->src/main/AndroidManifest.xml:11:5-79
15-->src/main/AndroidManifest.xml:11:22-76
16    <uses-permission android:name="android.permission.INTERNET" />
16-->src/main/AndroidManifest.xml:12:5-67
16-->src/main/AndroidManifest.xml:12:22-64
17    <uses-permission android:name="android.permission.WRITE_SYNC_SETTINGS" /> <!-- http://stackoverflow.com/questions/11240767/android-bluetooth-service-program-i-wrote-crashes -->
17-->[NASDK_2.26.aar] AndroidManifest.xml:20:5-78
17-->[NASDK_2.26.aar] AndroidManifest.xml:20:22-75
18    <uses-feature android:name="android.hardware.bluetooth" /> <!-- add for ble -->
18-->[NASDK_2.26.aar] AndroidManifest.xml:25:5-63
18-->[NASDK_2.26.aar] AndroidManifest.xml:25:19-60
19    <!-- Needed only if your app targets Android 5.0 (API level 21) or higher. -->
20    <uses-feature android:name="android.hardware.location.gps" />
20-->[NASDK_2.26.aar] AndroidManifest.xml:28:5-66
20-->[NASDK_2.26.aar] AndroidManifest.xml:28:19-63
21
22    <application
22-->src/main/AndroidManifest.xml:14:5-41:19
23        android:name="kr.neolab.samplecode.SampleApplication"
23-->src/main/AndroidManifest.xml:15:9-42
24        android:allowBackup="true"
24-->src/main/AndroidManifest.xml:16:9-35
25        android:appComponentFactory="androidx.core.app.CoreComponentFactory"
25-->[androidx.core:core:1.5.0] AndroidManifest.xml:24:18-86
26        android:debuggable="true"
27        android:icon="@drawable/ic_launcher_n"
27-->src/main/AndroidManifest.xml:17:9-47
28        android:label="@string/app_name"
28-->src/main/AndroidManifest.xml:18:9-41
29        android:testOnly="true"
30        android:theme="@style/AppTheme" >
30-->src/main/AndroidManifest.xml:19:9-40
31        <activity
31-->src/main/AndroidManifest.xml:20:9-23:60
32            android:name="kr.neolab.samplecode.ui.login.LoginActivity"
32-->src/main/AndroidManifest.xml:21:13-51
33            android:exported="false"
33-->src/main/AndroidManifest.xml:22:13-37
34            android:label="@string/title_activity_login" />
34-->src/main/AndroidManifest.xml:23:13-57
35        <activity
35-->src/main/AndroidManifest.xml:24:9-35:20
36            android:name="kr.neolab.samplecode.MainActivity"
36-->src/main/AndroidManifest.xml:25:13-41
37            android:hardwareAccelerated="true"
37-->src/main/AndroidManifest.xml:26:13-47
38            android:label="@string/app_name"
38-->src/main/AndroidManifest.xml:27:13-45
39            android:launchMode="singleTask"
39-->src/main/AndroidManifest.xml:28:13-44
40            android:screenOrientation="portrait" >
40-->src/main/AndroidManifest.xml:29:13-49
41            <intent-filter>
41-->src/main/AndroidManifest.xml:30:13-34:29
42                <action android:name="android.intent.action.MAIN" />
42-->src/main/AndroidManifest.xml:31:17-69
42-->src/main/AndroidManifest.xml:31:25-66
43
44                <category android:name="android.intent.category.LAUNCHER" />
44-->src/main/AndroidManifest.xml:33:17-77
44-->src/main/AndroidManifest.xml:33:27-74
45            </intent-filter>
46        </activity>
47        <activity android:name="kr.neolab.samplecode.DeviceListActivity" />
47-->src/main/AndroidManifest.xml:36:9-56
47-->src/main/AndroidManifest.xml:36:19-53
48        <activity android:name="kr.neolab.samplecode.SettingActivity" />
48-->src/main/AndroidManifest.xml:37:9-53
48-->src/main/AndroidManifest.xml:37:19-50
49        <activity android:name="kr.neolab.samplecode.ProfileTestActivity" />
49-->src/main/AndroidManifest.xml:38:9-57
49-->src/main/AndroidManifest.xml:38:19-54
50
51        <service android:name="kr.neolab.samplecode.NeoSampleService" />
51-->src/main/AndroidManifest.xml:40:9-53
51-->src/main/AndroidManifest.xml:40:18-50
52
53        <provider
53-->[androidx.profileinstaller:profileinstaller:1.3.0] AndroidManifest.xml:24:9-32:20
54            android:name="androidx.startup.InitializationProvider"
54-->[androidx.profileinstaller:profileinstaller:1.3.0] AndroidManifest.xml:25:13-67
55            android:authorities="kr.neolab.samplecode.androidx-startup"
55-->[androidx.profileinstaller:profileinstaller:1.3.0] AndroidManifest.xml:26:13-68
56            android:exported="false" >
56-->[androidx.profileinstaller:profileinstaller:1.3.0] AndroidManifest.xml:27:13-37
57            <meta-data
57-->[androidx.profileinstaller:profileinstaller:1.3.0] AndroidManifest.xml:29:13-31:52
58                android:name="androidx.profileinstaller.ProfileInstallerInitializer"
58-->[androidx.profileinstaller:profileinstaller:1.3.0] AndroidManifest.xml:30:17-85
59                android:value="androidx.startup" />
59-->[androidx.profileinstaller:profileinstaller:1.3.0] AndroidManifest.xml:31:17-49
60        </provider>
61
62        <receiver
62-->[androidx.profileinstaller:profileinstaller:1.3.0] AndroidManifest.xml:34:9-52:20
63            android:name="androidx.profileinstaller.ProfileInstallReceiver"
63-->[androidx.profileinstaller:profileinstaller:1.3.0] AndroidManifest.xml:35:13-76
64            android:directBootAware="false"
64-->[androidx.profileinstaller:profileinstaller:1.3.0] AndroidManifest.xml:36:13-44
65            android:enabled="true"
65-->[androidx.profileinstaller:profileinstaller:1.3.0] AndroidManifest.xml:37:13-35
66            android:exported="true"
66-->[androidx.profileinstaller:profileinstaller:1.3.0] AndroidManifest.xml:38:13-36
67            android:permission="android.permission.DUMP" >
67-->[androidx.profileinstaller:profileinstaller:1.3.0] AndroidManifest.xml:39:13-57
68            <intent-filter>
68-->[androidx.profileinstaller:profileinstaller:1.3.0] AndroidManifest.xml:40:13-42:29
69                <action android:name="androidx.profileinstaller.action.INSTALL_PROFILE" />
69-->[androidx.profileinstaller:profileinstaller:1.3.0] AndroidManifest.xml:41:17-91
69-->[androidx.profileinstaller:profileinstaller:1.3.0] AndroidManifest.xml:41:25-88
70            </intent-filter>
71            <intent-filter>
71-->[androidx.profileinstaller:profileinstaller:1.3.0] AndroidManifest.xml:43:13-45:29
72                <action android:name="androidx.profileinstaller.action.SKIP_FILE" />
72-->[androidx.profileinstaller:profileinstaller:1.3.0] AndroidManifest.xml:44:17-85
72-->[androidx.profileinstaller:profileinstaller:1.3.0] AndroidManifest.xml:44:25-82
73            </intent-filter>
74            <intent-filter>
74-->[androidx.profileinstaller:profileinstaller:1.3.0] AndroidManifest.xml:46:13-48:29
75                <action android:name="androidx.profileinstaller.action.SAVE_PROFILE" />
75-->[androidx.profileinstaller:profileinstaller:1.3.0] AndroidManifest.xml:47:17-88
75-->[androidx.profileinstaller:profileinstaller:1.3.0] AndroidManifest.xml:47:25-85
76            </intent-filter>
77            <intent-filter>
77-->[androidx.profileinstaller:profileinstaller:1.3.0] AndroidManifest.xml:49:13-51:29
78                <action android:name="androidx.profileinstaller.action.BENCHMARK_OPERATION" />
78-->[androidx.profileinstaller:profileinstaller:1.3.0] AndroidManifest.xml:50:17-95
78-->[androidx.profileinstaller:profileinstaller:1.3.0] AndroidManifest.xml:50:25-92
79            </intent-filter>
80        </receiver>
81    </application>
82
83</manifest>